<?xml version="1.0" encoding="UTF-8"?>
<testsuite name="com.josephusdanielJmartFA.JosephusdanielJmartFaApplicationTests" tests="1" skipped="0" failures="0" errors="0" timestamp="2021-11-26T07:36:55" hostname="LAPTOP-55T42H4N" time="0.387">
  <properties/>
  <testcase name="contextLoads()" classname="com.josephusdanielJmartFA.JosephusdanielJmartFaApplicationTests" time="0.387"/>
  <system-out><![CDATA[14:36:52.473 [Test worker] DEBUG org.springframework.test.context.BootstrapUtils - Instantiating CacheAwareContextLoaderDelegate from class [org.springframework.test.context.cache.DefaultCacheAwareContextLoaderDelegate]
14:36:52.494 [Test worker] DEBUG org.springframework.test.context.BootstrapUtils - Instantiating BootstrapContext using constructor [public org.springframework.test.context.support.DefaultBootstrapContext(java.lang.Class,org.springframework.test.context.CacheAwareContextLoaderDelegate)]
14:36:52.564 [Test worker] DEBUG org.springframework.test.context.BootstrapUtils - Instantiating TestContextBootstrapper for test class [com.josephusdanielJmartFA.JosephusdanielJmartFaApplicationTests] from class [org.springframework.boot.test.context.SpringBootTestContextBootstrapper]
14:36:52.580 [Test worker] INFO org.springframework.boot.test.context.SpringBootTestContextBootstrapper - Neither @ContextConfiguration nor @ContextHierarchy found for test class [com.josephusdanielJmartFA.JosephusdanielJmartFaApplicationTests], using SpringBootContextLoader
14:36:52.588 [Test worker] DEBUG org.springframework.test.context.support.AbstractContextLoader - Did not detect default resource location for test class [com.josephusdanielJmartFA.JosephusdanielJmartFaApplicationTests]: class path resource [com/josephusdanielJmartFA/JosephusdanielJmartFaApplicationTests-context.xml] does not exist
14:36:52.589 [Test worker] DEBUG org.springframework.test.context.support.AbstractContextLoader - Did not detect default resource location for test class [com.josephusdanielJmartFA.JosephusdanielJmartFaApplicationTests]: class path resource [com/josephusdanielJmartFA/JosephusdanielJmartFaApplicationTestsContext.groovy] does not exist
14:36:52.590 [Test worker] INFO org.springframework.test.context.support.AbstractContextLoader - Could not detect default resource locations for test class [com.josephusdanielJmartFA.JosephusdanielJmartFaApplicationTests]: no resource found for suffixes {-context.xml, Context.groovy}.
14:36:52.591 [Test worker] INFO org.springframework.test.context.support.AnnotationConfigContextLoaderUtils - Could not detect default configuration classes for test class [com.josephusdanielJmartFA.JosephusdanielJmartFaApplicationTests]: JosephusdanielJmartFaApplicationTests does not declare any static, non-private, non-final, nested classes annotated with @Configuration.
14:36:52.639 [Test worker] DEBUG org.springframework.test.context.support.ActiveProfilesUtils - Could not find an 'annotation declaring class' for annotation type [org.springframework.test.context.ActiveProfiles] and class [com.josephusdanielJmartFA.JosephusdanielJmartFaApplicationTests]
14:36:52.729 [Test worker] DEBUG org.springframework.context.annotation.ClassPathScanningCandidateComponentProvider - Identified candidate component class: file [C:\Users\Daniel\Documents\Daniel\Semester 3\OOP\Praktikum\Modul 1\jmart\build\classes\java\main\com\josephusdanielJmartFA\Jmart.class]
14:36:52.732 [Test worker] INFO org.springframework.boot.test.context.SpringBootTestContextBootstrapper - Found @SpringBootConfiguration com.josephusdanielJmartFA.Jmart for test class com.josephusdanielJmartFA.JosephusdanielJmartFaApplicationTests
14:36:52.850 [Test worker] DEBUG org.springframework.boot.test.context.SpringBootTestContextBootstrapper - @TestExecutionListeners is not present for class [com.josephusdanielJmartFA.JosephusdanielJmartFaApplicationTests]: using defaults.
14:36:52.851 [Test worker] INFO org.springframework.boot.test.context.SpringBootTestContextBootstrapper - Loaded default TestExecutionListener class names from location [META-INF/spring.factories]: [org.springframework.boot.test.autoconfigure.restdocs.RestDocsTestExecutionListener, org.springframework.boot.test.autoconfigure.web.client.MockRestServiceServerResetTestExecutionListener, org.springframework.boot.test.autoconfigure.web.servlet.MockMvcPrintOnlyOnFailureTestExecutionListener, org.springframework.boot.test.autoconfigure.web.servlet.WebDriverTestExecutionListener, org.springframework.boot.test.autoconfigure.webservices.client.MockWebServiceServerTestExecutionListener, org.springframework.boot.test.mock.mockito.MockitoTestExecutionListener, org.springframework.boot.test.mock.mockito.ResetMocksTestExecutionListener, org.springframework.test.context.web.ServletTestExecutionListener, org.springframework.test.context.support.DirtiesContextBeforeModesTestExecutionListener, org.springframework.test.context.event.ApplicationEventsTestExecutionListener, org.springframework.test.context.support.DependencyInjectionTestExecutionListener, org.springframework.test.context.support.DirtiesContextTestExecutionListener, org.springframework.test.context.transaction.TransactionalTestExecutionListener, org.springframework.test.context.jdbc.SqlScriptsTestExecutionListener, org.springframework.test.context.event.EventPublishingTestExecutionListener]
14:36:52.865 [Test worker] DEBUG org.springframework.boot.test.context.SpringBootTestContextBootstrapper - Skipping candidate TestExecutionListener [org.springframework.test.context.transaction.TransactionalTestExecutionListener] due to a missing dependency. Specify custom listener classes or make the default listener classes and their required dependencies available. Offending class: [org/springframework/transaction/interceptor/TransactionAttributeSource]
14:36:52.866 [Test worker] DEBUG org.springframework.boot.test.context.SpringBootTestContextBootstrapper - Skipping candidate TestExecutionListener [org.springframework.test.context.jdbc.SqlScriptsTestExecutionListener] due to a missing dependency. Specify custom listener classes or make the default listener classes and their required dependencies available. Offending class: [org/springframework/transaction/interceptor/TransactionAttribute]
14:36:52.867 [Test worker] INFO org.springframework.boot.test.context.SpringBootTestContextBootstrapper - Using TestExecutionListeners: [org.springframework.test.context.web.ServletTestExecutionListener@620aa4ea, org.springframework.test.context.support.DirtiesContextBeforeModesTestExecutionListener@2db2dd9d, org.springframework.test.context.event.ApplicationEventsTestExecutionListener@3174cb09, org.springframework.boot.test.mock.mockito.MockitoTestExecutionListener@4d411036, org.springframework.boot.test.autoconfigure.SpringBootDependencyInjectionTestExecutionListener@7adbd080, org.springframework.test.context.support.DirtiesContextTestExecutionListener@41beb473, org.springframework.test.context.event.EventPublishingTestExecutionListener@560513ce, org.springframework.boot.test.autoconfigure.restdocs.RestDocsTestExecutionListener@13006998, org.springframework.boot.test.autoconfigure.web.client.MockRestServiceServerResetTestExecutionListener@37fbe4a8, org.springframework.boot.test.autoconfigure.web.servlet.MockMvcPrintOnlyOnFailureTestExecutionListener@352c308, org.springframework.boot.test.autoconfigure.web.servlet.WebDriverTestExecutionListener@7d373bcf, org.springframework.boot.test.autoconfigure.webservices.client.MockWebServiceServerTestExecutionListener@6d6bc158, org.springframework.boot.test.mock.mockito.ResetMocksTestExecutionListener@5dda6f9]
14:36:52.877 [Test worker] DEBUG org.springframework.test.context.support.AbstractDirtiesContextTestExecutionListener - Before test class: context [DefaultTestContext@3676ac27 testClass = JosephusdanielJmartFaApplicationTests, testInstance = [null], testMethod = [null], testException = [null], mergedContextConfiguration = [WebMergedContextConfiguration@62f87c44 testClass = JosephusdanielJmartFaApplicationTests, locations = '{}', classes = '{class com.josephusdanielJmartFA.Jmart}', contextInitializerClasses = '[]', activeProfiles = '{}', propertySourceLocations = '{}', propertySourceProperties = '{org.springframework.boot.test.context.SpringBootTestContextBootstrapper=true}', contextCustomizers = set[org.springframework.boot.test.autoconfigure.actuate.metrics.MetricsExportContextCustomizerFactory$DisableMetricExportContextCustomizer@5553d0f5, org.springframework.boot.test.autoconfigure.properties.PropertyMappingContextCustomizer@0, org.springframework.boot.test.autoconfigure.web.servlet.WebDriverContextCustomizerFactory$Customizer@4c4748bf, org.springframework.boot.test.context.filter.ExcludeFilterContextCustomizer@32811494, org.springframework.boot.test.json.DuplicateJsonObjectContextCustomizerFactory$DuplicateJsonObjectContextCustomizer@14d14731, org.springframework.boot.test.mock.mockito.MockitoContextCustomizer@0, org.springframework.boot.test.web.client.TestRestTemplateContextCustomizer@463b4ac8, org.springframework.boot.test.context.SpringBootTestArgs@1, org.springframework.boot.test.context.SpringBootTestWebEnvironment@7975d1d8], resourceBasePath = 'src/main/webapp', contextLoader = 'org.springframework.boot.test.context.SpringBootContextLoader', parent = [null]], attributes = map['org.springframework.test.context.web.ServletTestExecutionListener.activateListener' -> true]], class annotated with @DirtiesContext [false] with mode [null].
14:36:52.932 [Test worker] DEBUG org.springframework.test.context.support.TestPropertySourceUtils - Adding inlined properties to environment: {spring.jmx.enabled=false, org.springframework.boot.test.context.SpringBootTestContextBootstrapper=true}

  .   ____          _            __ _ _
 /\\ / ___'_ __ _ _(_)_ __  __ _ \ \ \ \
( ( )\___ | '_ | '_| | '_ \/ _` | \ \ \ \
 \\/  ___)| |_)| | | | | || (_| |  ) ) ) )
  '  |____| .__|_| |_|_| |_\__, | / / / /
 =========|_|==============|___/=/_/_/_/
 :: Spring Boot ::                (v2.5.6)

2021-11-26 14:36:53.292  INFO 2924 --- [    Test worker] .j.JosephusdanielJmartFaApplicationTests : Starting JosephusdanielJmartFaApplicationTests using Java 11.0.12 on LAPTOP-55T42H4N with PID 2924 (started by Daniel in C:\Users\Daniel\Documents\Daniel\Semester 3\OOP\Praktikum\Modul 1\jmart)
2021-11-26 14:36:53.296  INFO 2924 --- [    Test worker] .j.JosephusdanielJmartFaApplicationTests : No active profile set, falling back to default profiles: default
2021-11-26 14:36:55.233  INFO 2924 --- [    Test worker] .j.JosephusdanielJmartFaApplicationTests : Started JosephusdanielJmartFaApplicationTests in 2.293 seconds (JVM running for 4.151)
]]></system-out>
  <system-err><![CDATA[]]></system-err>
</testsuite>
