<?xml version="1.0" encoding="UTF-8"?>
<testsuite name="com.josephusdanielJmartFA.JosephusdanielJmartFaApplicationTests" tests="1" skipped="0" failures="0" errors="0" timestamp="2021-12-16T17:30:37" hostname="LAPTOP-55T42H4N" time="0.532">
  <properties/>
  <testcase name="contextLoads()" classname="com.josephusdanielJmartFA.JosephusdanielJmartFaApplicationTests" time="0.532"/>
  <system-out><![CDATA[00:30:33.936 [Test worker] DEBUG org.springframework.test.context.BootstrapUtils - Instantiating CacheAwareContextLoaderDelegate from class [org.springframework.test.context.cache.DefaultCacheAwareContextLoaderDelegate]
00:30:33.968 [Test worker] DEBUG org.springframework.test.context.BootstrapUtils - Instantiating BootstrapContext using constructor [public org.springframework.test.context.support.DefaultBootstrapContext(java.lang.Class,org.springframework.test.context.CacheAwareContextLoaderDelegate)]
00:30:34.018 [Test worker] DEBUG org.springframework.test.context.BootstrapUtils - Instantiating TestContextBootstrapper for test class [com.josephusdanielJmartFA.JosephusdanielJmartFaApplicationTests] from class [org.springframework.boot.test.context.SpringBootTestContextBootstrapper]
00:30:34.034 [Test worker] INFO org.springframework.boot.test.context.SpringBootTestContextBootstrapper - Neither @ContextConfiguration nor @ContextHierarchy found for test class [com.josephusdanielJmartFA.JosephusdanielJmartFaApplicationTests], using SpringBootContextLoader
00:30:34.039 [Test worker] DEBUG org.springframework.test.context.support.AbstractContextLoader - Did not detect default resource location for test class [com.josephusdanielJmartFA.JosephusdanielJmartFaApplicationTests]: class path resource [com/josephusdanielJmartFA/JosephusdanielJmartFaApplicationTests-context.xml] does not exist
00:30:34.040 [Test worker] DEBUG org.springframework.test.context.support.AbstractContextLoader - Did not detect default resource location for test class [com.josephusdanielJmartFA.JosephusdanielJmartFaApplicationTests]: class path resource [com/josephusdanielJmartFA/JosephusdanielJmartFaApplicationTestsContext.groovy] does not exist
00:30:34.041 [Test worker] INFO org.springframework.test.context.support.AbstractContextLoader - Could not detect default resource locations for test class [com.josephusdanielJmartFA.JosephusdanielJmartFaApplicationTests]: no resource found for suffixes {-context.xml, Context.groovy}.
00:30:34.041 [Test worker] INFO org.springframework.test.context.support.AnnotationConfigContextLoaderUtils - Could not detect default configuration classes for test class [com.josephusdanielJmartFA.JosephusdanielJmartFaApplicationTests]: JosephusdanielJmartFaApplicationTests does not declare any static, non-private, non-final, nested classes annotated with @Configuration.
00:30:34.098 [Test worker] DEBUG org.springframework.test.context.support.ActiveProfilesUtils - Could not find an 'annotation declaring class' for annotation type [org.springframework.test.context.ActiveProfiles] and class [com.josephusdanielJmartFA.JosephusdanielJmartFaApplicationTests]
00:30:34.188 [Test worker] DEBUG org.springframework.context.annotation.ClassPathScanningCandidateComponentProvider - Identified candidate component class: file [C:\Users\Daniel\Documents\Daniel\Semester 3\OOP\Praktikum\Modul 1\jmart\build\classes\java\main\com\josephusdanielJmartFA\Jmart.class]
00:30:34.196 [Test worker] INFO org.springframework.boot.test.context.SpringBootTestContextBootstrapper - Found @SpringBootConfiguration com.josephusdanielJmartFA.Jmart for test class com.josephusdanielJmartFA.JosephusdanielJmartFaApplicationTests
00:30:34.332 [Test worker] DEBUG org.springframework.boot.test.context.SpringBootTestContextBootstrapper - @TestExecutionListeners is not present for class [com.josephusdanielJmartFA.JosephusdanielJmartFaApplicationTests]: using defaults.
00:30:34.333 [Test worker] INFO org.springframework.boot.test.context.SpringBootTestContextBootstrapper - Loaded default TestExecutionListener class names from location [META-INF/spring.factories]: [org.springframework.boot.test.autoconfigure.restdocs.RestDocsTestExecutionListener, org.springframework.boot.test.autoconfigure.web.client.MockRestServiceServerResetTestExecutionListener, org.springframework.boot.test.autoconfigure.web.servlet.MockMvcPrintOnlyOnFailureTestExecutionListener, org.springframework.boot.test.autoconfigure.web.servlet.WebDriverTestExecutionListener, org.springframework.boot.test.autoconfigure.webservices.client.MockWebServiceServerTestExecutionListener, org.springframework.boot.test.mock.mockito.MockitoTestExecutionListener, org.springframework.boot.test.mock.mockito.ResetMocksTestExecutionListener, org.springframework.test.context.web.ServletTestExecutionListener, org.springframework.test.context.support.DirtiesContextBeforeModesTestExecutionListener, org.springframework.test.context.event.ApplicationEventsTestExecutionListener, org.springframework.test.context.support.DependencyInjectionTestExecutionListener, org.springframework.test.context.support.DirtiesContextTestExecutionListener, org.springframework.test.context.transaction.TransactionalTestExecutionListener, org.springframework.test.context.jdbc.SqlScriptsTestExecutionListener, org.springframework.test.context.event.EventPublishingTestExecutionListener]
00:30:34.350 [Test worker] DEBUG org.springframework.boot.test.context.SpringBootTestContextBootstrapper - Skipping candidate TestExecutionListener [org.springframework.test.context.transaction.TransactionalTestExecutionListener] due to a missing dependency. Specify custom listener classes or make the default listener classes and their required dependencies available. Offending class: [org/springframework/transaction/interceptor/TransactionAttributeSource]
00:30:34.351 [Test worker] DEBUG org.springframework.boot.test.context.SpringBootTestContextBootstrapper - Skipping candidate TestExecutionListener [org.springframework.test.context.jdbc.SqlScriptsTestExecutionListener] due to a missing dependency. Specify custom listener classes or make the default listener classes and their required dependencies available. Offending class: [org/springframework/transaction/interceptor/TransactionAttribute]
00:30:34.352 [Test worker] INFO org.springframework.boot.test.context.SpringBootTestContextBootstrapper - Using TestExecutionListeners: [org.springframework.test.context.web.ServletTestExecutionListener@4b4dd216, org.springframework.test.context.support.DirtiesContextBeforeModesTestExecutionListener@5ca17ab0, org.springframework.test.context.event.ApplicationEventsTestExecutionListener@5a62b2a4, org.springframework.boot.test.mock.mockito.MockitoTestExecutionListener@1051817b, org.springframework.boot.test.autoconfigure.SpringBootDependencyInjectionTestExecutionListener@35293c05, org.springframework.test.context.support.DirtiesContextTestExecutionListener@620aa4ea, org.springframework.test.context.event.EventPublishingTestExecutionListener@2db2dd9d, org.springframework.boot.test.autoconfigure.restdocs.RestDocsTestExecutionListener@3174cb09, org.springframework.boot.test.autoconfigure.web.client.MockRestServiceServerResetTestExecutionListener@4d411036, org.springframework.boot.test.autoconfigure.web.servlet.MockMvcPrintOnlyOnFailureTestExecutionListener@7adbd080, org.springframework.boot.test.autoconfigure.web.servlet.WebDriverTestExecutionListener@41beb473, org.springframework.boot.test.autoconfigure.webservices.client.MockWebServiceServerTestExecutionListener@560513ce, org.springframework.boot.test.mock.mockito.ResetMocksTestExecutionListener@13006998]
00:30:34.376 [Test worker] DEBUG org.springframework.test.context.support.AbstractDirtiesContextTestExecutionListener - Before test class: context [DefaultTestContext@5c77053b testClass = JosephusdanielJmartFaApplicationTests, testInstance = [null], testMethod = [null], testException = [null], mergedContextConfiguration = [WebMergedContextConfiguration@26b894bd testClass = JosephusdanielJmartFaApplicationTests, locations = '{}', classes = '{class com.josephusdanielJmartFA.Jmart}', contextInitializerClasses = '[]', activeProfiles = '{}', propertySourceLocations = '{}', propertySourceProperties = '{org.springframework.boot.test.context.SpringBootTestContextBootstrapper=true}', contextCustomizers = set[org.springframework.boot.test.autoconfigure.actuate.metrics.MetricsExportContextCustomizerFactory$DisableMetricExportContextCustomizer@736d6a5c, org.springframework.boot.test.autoconfigure.properties.PropertyMappingContextCustomizer@0, org.springframework.boot.test.autoconfigure.web.servlet.WebDriverContextCustomizerFactory$Customizer@47a86fbb, org.springframework.boot.test.context.filter.ExcludeFilterContextCustomizer@4c4748bf, org.springframework.boot.test.json.DuplicateJsonObjectContextCustomizerFactory$DuplicateJsonObjectContextCustomizer@73dce0e6, org.springframework.boot.test.mock.mockito.MockitoContextCustomizer@0, org.springframework.boot.test.web.client.TestRestTemplateContextCustomizer@1ae67cad, org.springframework.boot.test.context.SpringBootTestArgs@1, org.springframework.boot.test.context.SpringBootTestWebEnvironment@7068e664], resourceBasePath = 'src/main/webapp', contextLoader = 'org.springframework.boot.test.context.SpringBootContextLoader', parent = [null]], attributes = map['org.springframework.test.context.web.ServletTestExecutionListener.activateListener' -> true]], class annotated with @DirtiesContext [false] with mode [null].
00:30:34.442 [Test worker] DEBUG org.springframework.test.context.support.TestPropertySourceUtils - Adding inlined properties to environment: {spring.jmx.enabled=false, org.springframework.boot.test.context.SpringBootTestContextBootstrapper=true}

  .   ____          _            __ _ _
 /\\ / ___'_ __ _ _(_)_ __  __ _ \ \ \ \
( ( )\___ | '_ | '_| | '_ \/ _` | \ \ \ \
 \\/  ___)| |_)| | | | | || (_| |  ) ) ) )
  '  |____| .__|_| |_|_| |_\__, | / / / /
 =========|_|==============|___/=/_/_/_/
 :: Spring Boot ::                (v2.5.6)

2021-12-17 00:30:35.132  INFO 9080 --- [    Test worker] .j.JosephusdanielJmartFaApplicationTests : Starting JosephusdanielJmartFaApplicationTests using Java 11.0.12 on LAPTOP-55T42H4N with PID 9080 (started by Daniel in C:\Users\Daniel\Documents\Daniel\Semester 3\OOP\Praktikum\Modul 1\jmart)
2021-12-17 00:30:35.135  INFO 9080 --- [    Test worker] .j.JosephusdanielJmartFaApplicationTests : No active profile set, falling back to default profiles: default
2021-12-17 00:30:37.903  INFO 9080 --- [    Test worker] .j.JosephusdanielJmartFaApplicationTests : Started JosephusdanielJmartFaApplicationTests in 3.45 seconds (JVM running for 5.399)
]]></system-out>
  <system-err><![CDATA[]]></system-err>
</testsuite>
